-------------------------------------------------------------------------------
Test set: no.kantega.springandreact.AQIAPITests
-------------------------------------------------------------------------------
Tests run: 1, Failures: 0, Errors: 1, Skipped: 0, Time elapsed: 0.002 s <<< FAILURE! - in no.kantega.springandreact.AQIAPITests
initializationError(no.kantega.springandreact.AQIAPITests)  Time elapsed: 0.002 s  <<< ERROR!
java.lang.Exception: No runnable methods

